Started GET "/clients" for 127.0.0.1 at 2017-11-18 17:19:52 -0500
  
ActionController::RoutingError (No route matches [GET] "/clients"):
  
actionpack (5.1.4) lib/action_dispatch/middleware/debug_exceptions.rb:63:in `call'
web-console (3.5.1) lib/web_console/middleware.rb:135:in `call_app'
web-console (3.5.1) lib/web_console/middleware.rb:28:in `block in call'
web-console (3.5.1) lib/web_console/middleware.rb:18:in `catch'
web-console (3.5.1) lib/web_console/middleware.rb:18:in `call'
actionpack (5.1.4) lib/action_dispatch/middleware/show_exceptions.rb:31:in `call'
railties (5.1.4) lib/rails/rack/logger.rb:36:in `call_app'
railties (5.1.4) lib/rails/rack/logger.rb:24:in `block in call'
activesupport (5.1.4) lib/active_support/tagged_logging.rb:69:in `block in tagged'
activesupport (5.1.4) lib/active_support/tagged_logging.rb:26:in `tagged'
activesupport (5.1.4) lib/active_support/tagged_logging.rb:69:in `tagged'
railties (5.1.4) lib/rails/rack/logger.rb:24:in `call'
sprockets-rails (3.2.1) lib/sprockets/rails/quiet_assets.rb:13:in `call'
actionpack (5.1.4) lib/action_dispatch/middleware/remote_ip.rb:79:in `call'
actionpack (5.1.4) lib/action_dispatch/middleware/request_id.rb:25:in `call'
rack (2.0.3) lib/rack/method_override.rb:22:in `call'
rack (2.0.3) lib/rack/runtime.rb:22:in `call'
activesupport (5.1.4) lib/active_support/cache/strategy/local_cache_middleware.rb:27:in `call'
actionpack (5.1.4) lib/action_dispatch/middleware/executor.rb:12:in `call'
actionpack (5.1.4) lib/action_dispatch/middleware/static.rb:125:in `call'
rack (2.0.3) lib/rack/sendfile.rb:111:in `call'
railties (5.1.4) lib/rails/engine.rb:522:in `call'
puma (3.10.0) lib/puma/configuration.rb:225:in `call'
puma (3.10.0) lib/puma/server.rb:605:in `handle_request'
puma (3.10.0) lib/puma/server.rb:437:in `process_client'
puma (3.10.0) lib/puma/server.rb:301:in `block in run'
puma (3.10.0) lib/puma/thread_pool.rb:120:in `block in spawn_thread'
Started GET "/" for 127.0.0.1 at 2017-11-18 17:19:55 -0500
Processing by Rails::WelcomeController#index as HTML
  Rendering /Users/Murphmonster/.rbenv/versions/2.4.2/lib/ruby/gems/2.4.0/gems/railties-5.1.4/lib/rails/templates/rails/welcome/index.html.erb
  Rendered /Users/Murphmonster/.rbenv/versions/2.4.2/lib/ruby/gems/2.4.0/gems/railties-5.1.4/lib/rails/templates/rails/welcome/index.html.erb (2.6ms)
Completed 200 OK in 108ms (Views: 5.7ms)


Started GET "/" for 127.0.0.1 at 2017-11-18 17:22:12 -0500
Processing by ClientsController#index as HTML
  Rendering clients/index.html.erb within layouts/application
  Rendered clients/index.html.erb within layouts/application (0.3ms)
Completed 200 OK in 332ms (Views: 330.4ms)


  [1m[35m (0.1ms)[0m  [1m[34mSELECT sqlite_version(*)[0m
  [1m[35m (1.5ms)[0m  [1m[35mCREATE TABLE "schema_migrations" ("version" varchar NOT NULL PRIMARY KEY)[0m
  [1m[35m (1.3ms)[0m  [1m[35mCREATE TABLE "ar_internal_metadata" ("key" varchar NOT NULL PRIMARY KEY, "value" varchar, "created_at" datetime NOT NULL, "updated_at" datetime NOT NULL)[0m
  [1m[35m (0.1ms)[0m  [1m[34mSELECT "schema_migrations"."version" FROM "schema_migrations" ORDER BY "schema_migrations"."version" ASC[0m
Migrating to CreateClients (20171118223643)
  [1m[35m (0.1ms)[0m  [1m[36mbegin transaction[0m
  [1m[35m (0.4ms)[0m  [1m[35mCREATE TABLE "clients" ("id" INTEGER PRIMARY KEY AUTOINCREMENT NOT NULL, "first_name" varchar, "last_name" varchar, "email" varchar, "phone" varchar, "injuries" varchar, "notes" varchar, "image" varchar, "created_at" datetime NOT NULL, "updated_at" datetime NOT NULL)[0m
  [1m[35mSQL (0.1ms)[0m  [1m[32mINSERT INTO "schema_migrations" ("version") VALUES (?)[0m  [["version", "20171118223643"]]
  [1m[35m (0.9ms)[0m  [1m[36mcommit transaction[0m
Migrating to CreateSessions (20171118223654)
  [1m[35m (0.1ms)[0m  [1m[36mbegin transaction[0m
  [1m[35m (0.4ms)[0m  [1m[35mCREATE TABLE "sessions" ("id" INTEGER PRIMARY KEY AUTOINCREMENT NOT NULL, "date" varchar, "location" varchar, "price" varchar, "notes" varchar, "client_id" integer, "created_at" datetime NOT NULL, "updated_at" datetime NOT NULL)[0m
  [1m[35m (0.1ms)[0m  [1m[35mCREATE  INDEX "index_sessions_on_client_id" ON "sessions" ("client_id")[0m
  [1m[35mSQL (0.1ms)[0m  [1m[32mINSERT INTO "schema_migrations" ("version") VALUES (?)[0m  [["version", "20171118223654"]]
  [1m[35m (0.8ms)[0m  [1m[36mcommit transaction[0m
  [1m[36mActiveRecord::InternalMetadata Load (0.1ms)[0m  [1m[34mSELECT  "ar_internal_metadata".* FROM "ar_internal_metadata" WHERE "ar_internal_metadata"."key" = ? LIMIT ?[0m  [["key", "environment"], ["LIMIT", 1]]
  [1m[35m (0.0ms)[0m  [1m[36mbegin transaction[0m
  [1m[35mSQL (0.3ms)[0m  [1m[32mINSERT INTO "ar_internal_metadata" ("key", "value", "created_at", "updated_at") VALUES (?, ?, ?, ?)[0m  [["key", "environment"], ["value", "development"], ["created_at", "2017-11-18 22:41:02.650636"], ["updated_at", "2017-11-18 22:41:02.650636"]]
  [1m[35m (0.6ms)[0m  [1m[36mcommit transaction[0m
  [1m[35m (0.2ms)[0m  [1m[34mSELECT "schema_migrations"."version" FROM "schema_migrations" ORDER BY "schema_migrations"."version" ASC[0m
  [1m[35m (0.1ms)[0m  [1m[34m            SELECT sql
            FROM sqlite_master
            WHERE name='index_sessions_on_client_id' AND type='index'
            UNION ALL
            SELECT sql
            FROM sqlite_temp_master
            WHERE name='index_sessions_on_client_id' AND type='index'
[0m
  [1m[35m (0.1ms)[0m  [1m[34mSELECT "schema_migrations"."version" FROM "schema_migrations" ORDER BY "schema_migrations"."version" ASC[0m
  [1m[35m (0.0ms)[0m  [1m[36mbegin transaction[0m
  [1m[35mSQL (1.1ms)[0m  [1m[32mINSERT INTO "clients" ("first_name", "last_name", "email", "phone", "injuries", "notes", "image", "created_at", "updated_at") VALUES (?, ?, ?, ?, ?, ?, ?, ?, ?)[0m  [["first_name", "Michael"], ["last_name", "Murphy"], ["email", "michael.murphy314@gmail.com"], ["phone", "618-334-6314"], ["injuries", "Tight IT band"], ["notes", "Adroable"], ["image", "http://s3.amazonaws.com/codecademy-content/courses/learn-rails/img/beach01.jpg"], ["created_at", "2017-11-18 22:45:18.595974"], ["updated_at", "2017-11-18 22:45:18.595974"]]
  [1m[35m (0.7ms)[0m  [1m[36mcommit transaction[0m
  [1m[35m (0.1ms)[0m  [1m[34mSELECT "schema_migrations"."version" FROM "schema_migrations" ORDER BY "schema_migrations"."version" ASC[0m
  [1m[35m (0.0ms)[0m  [1m[36mbegin transaction[0m
  [1m[35mSQL (0.4ms)[0m  [1m[32mINSERT INTO "clients" ("first_name", "last_name", "email", "phone", "injuries", "notes", "image", "created_at", "updated_at") VALUES (?, ?, ?, ?, ?, ?, ?, ?, ?)[0m  [["first_name", "Michael"], ["last_name", "Murphy"], ["email", "michael.murphy314@gmail.com"], ["phone", "618-334-6314"], ["injuries", "Tight IT band"], ["notes", "Adroable"], ["image", "https://media.licdn.com/mpr/mpr/shrinknp_200_200/AAEAAQAAAAAAAAkKAAAAJDE0Y2M1ZDJiLWUzN2EtNDk4YS1iNzkxLWU2NjI5ZjQ4NDgzOA.jpg"], ["created_at", "2017-11-18 22:55:44.425325"], ["updated_at", "2017-11-18 22:55:44.425325"]]
  [1m[35m (1.2ms)[0m  [1m[36mcommit transaction[0m
  [1m[35m (0.1ms)[0m  [1m[34mSELECT "schema_migrations"."version" FROM "schema_migrations" ORDER BY "schema_migrations"."version" ASC[0m
  [1m[35m (0.0ms)[0m  [1m[36mbegin transaction[0m
  [1m[35mSQL (0.4ms)[0m  [1m[32mINSERT INTO "clients" ("first_name", "last_name", "email", "phone", "injuries", "notes", "image", "created_at", "updated_at") VALUES (?, ?, ?, ?, ?, ?, ?, ?, ?)[0m  [["first_name", "Michael"], ["last_name", "Murphy"], ["email", "michael.murphy314@gmail.com"], ["phone", "618-334-6314"], ["injuries", "Tight IT band"], ["notes", "Adroable"], ["image", "https://media.licdn.com/mpr/mpr/shrinknp_200_200/AAEAAQAAAAAAAAkKAAAAJDE0Y2M1ZDJiLWUzN2EtNDk4YS1iNzkxLWU2NjI5ZjQ4NDgzOA.jpg"], ["created_at", "2017-11-18 22:57:14.915087"], ["updated_at", "2017-11-18 22:57:14.915087"]]
  [1m[35m (1.2ms)[0m  [1m[36mcommit transaction[0m
  [1m[35m (0.1ms)[0m  [1m[34mSELECT "schema_migrations"."version" FROM "schema_migrations" ORDER BY "schema_migrations"."version" ASC[0m
  [1m[35m (0.1ms)[0m  [1m[36mbegin transaction[0m
  [1m[35mSQL (0.5ms)[0m  [1m[32mINSERT INTO "clients" ("first_name", "last_name", "email", "phone", "injuries", "notes", "image", "created_at", "updated_at") VALUES (?, ?, ?, ?, ?, ?, ?, ?, ?)[0m  [["first_name", "Michael"], ["last_name", "Murphy"], ["email", "michael.murphy314@gmail.com"], ["phone", "618-334-6314"], ["injuries", "Tight IT band"], ["notes", "Adroable"], ["image", "https://media.licdn.com/mpr/mpr/shrinknp_200_200/AAEAAQAAAAAAAAkKAAAAJDE0Y2M1ZDJiLWUzN2EtNDk4YS1iNzkxLWU2NjI5ZjQ4NDgzOA.jpg"], ["created_at", "2017-11-18 23:00:54.027400"], ["updated_at", "2017-11-18 23:00:54.027400"]]
  [1m[35m (1.2ms)[0m  [1m[36mcommit transaction[0m
  [1m[35m (0.2ms)[0m  [1m[34mSELECT "schema_migrations"."version" FROM "schema_migrations" ORDER BY "schema_migrations"."version" ASC[0m
  [1m[35m (0.0ms)[0m  [1m[36mbegin transaction[0m
  [1m[35mSQL (0.4ms)[0m  [1m[32mINSERT INTO "clients" ("first_name", "last_name", "email", "phone", "injuries", "notes", "image", "created_at", "updated_at") VALUES (?, ?, ?, ?, ?, ?, ?, ?, ?)[0m  [["first_name", "Michael"], ["last_name", "Murphy"], ["email", "michael.murphy314@gmail.com"], ["phone", "618-334-6314"], ["injuries", "Tight IT band"], ["notes", "Adroable"], ["image", "https://media.licdn.com/mpr/mpr/shrinknp_200_200/AAEAAQAAAAAAAAkKAAAAJDE0Y2M1ZDJiLWUzN2EtNDk4YS1iNzkxLWU2NjI5ZjQ4NDgzOA.jpg"], ["created_at", "2017-11-18 23:02:43.694399"], ["updated_at", "2017-11-18 23:02:43.694399"]]
  [1m[35m (1.1ms)[0m  [1m[36mcommit transaction[0m
  [1m[35m (0.2ms)[0m  [1m[34mSELECT "schema_migrations"."version" FROM "schema_migrations" ORDER BY "schema_migrations"."version" ASC[0m
  [1m[35m (0.1ms)[0m  [1m[36mbegin transaction[0m
  [1m[35mSQL (0.4ms)[0m  [1m[32mINSERT INTO "clients" ("first_name", "last_name", "email", "phone", "injuries", "notes", "image", "created_at", "updated_at") VALUES (?, ?, ?, ?, ?, ?, ?, ?, ?)[0m  [["first_name", "Michael"], ["last_name", "Murphy"], ["email", "michael.murphy314@gmail.com"], ["phone", "618-334-6314"], ["injuries", "Tight IT band"], ["notes", "Adroable"], ["image", "https://media.licdn.com/mpr/mpr/shrinknp_200_200/AAEAAQAAAAAAAAkKAAAAJDE0Y2M1ZDJiLWUzN2EtNDk4YS1iNzkxLWU2NjI5ZjQ4NDgzOA.jpg"], ["created_at", "2017-11-18 23:02:48.338470"], ["updated_at", "2017-11-18 23:02:48.338470"]]
  [1m[35m (1.1ms)[0m  [1m[36mcommit transaction[0m
  [1m[35m (0.1ms)[0m  [1m[34mSELECT "schema_migrations"."version" FROM "schema_migrations" ORDER BY "schema_migrations"."version" ASC[0m
  [1m[35m (0.1ms)[0m  [1m[36mbegin transaction[0m
  [1m[35mSQL (0.5ms)[0m  [1m[32mINSERT INTO "clients" ("first_name", "last_name", "email", "phone", "injuries", "notes", "image", "created_at", "updated_at") VALUES (?, ?, ?, ?, ?, ?, ?, ?, ?)[0m  [["first_name", "Michael"], ["last_name", "Murphy"], ["email", "michael.murphy314@gmail.com"], ["phone", "618-334-6314"], ["injuries", "Tight IT band"], ["notes", "Adroable"], ["image", "https://media.licdn.com/mpr/mpr/shrinknp_200_200/AAEAAQAAAAAAAAkKAAAAJDE0Y2M1ZDJiLWUzN2EtNDk4YS1iNzkxLWU2NjI5ZjQ4NDgzOA.jpg"], ["created_at", "2017-11-18 23:02:51.322186"], ["updated_at", "2017-11-18 23:02:51.322186"]]
  [1m[35m (1.2ms)[0m  [1m[36mcommit transaction[0m
  [1m[35m (0.1ms)[0m  [1m[34mSELECT "schema_migrations"."version" FROM "schema_migrations" ORDER BY "schema_migrations"."version" ASC[0m
  [1m[35m (0.0ms)[0m  [1m[36mbegin transaction[0m
  [1m[35mSQL (0.4ms)[0m  [1m[32mINSERT INTO "clients" ("first_name", "last_name", "email", "phone", "injuries", "notes", "image", "created_at", "updated_at") VALUES (?, ?, ?, ?, ?, ?, ?, ?, ?)[0m  [["first_name", "Michael"], ["last_name", "Murphy"], ["email", "michael.murphy314@gmail.com"], ["phone", "618-334-6314"], ["injuries", "Tight IT band"], ["notes", "Adroable"], ["image", "https://media.licdn.com/mpr/mpr/shrinknp_200_200/AAEAAQAAAAAAAAkKAAAAJDE0Y2M1ZDJiLWUzN2EtNDk4YS1iNzkxLWU2NjI5ZjQ4NDgzOA.jpg"], ["created_at", "2017-11-18 23:03:34.681414"], ["updated_at", "2017-11-18 23:03:34.681414"]]
  [1m[35m (1.1ms)[0m  [1m[36mcommit transaction[0m
  [1m[35m (0.1ms)[0m  [1m[34mSELECT "schema_migrations"."version" FROM "schema_migrations" ORDER BY "schema_migrations"."version" ASC[0m
  [1m[35m (0.1ms)[0m  [1m[36mbegin transaction[0m
  [1m[35mSQL (0.5ms)[0m  [1m[32mINSERT INTO "clients" ("first_name", "last_name", "email", "phone", "injuries", "notes", "image", "created_at", "updated_at") VALUES (?, ?, ?, ?, ?, ?, ?, ?, ?)[0m  [["first_name", "Michael"], ["last_name", "Murphy"], ["email", "michael.murphy314@gmail.com"], ["phone", "618-334-6314"], ["injuries", "Tight IT band"], ["notes", "Adroable"], ["image", "https://media.licdn.com/mpr/mpr/shrinknp_200_200/AAEAAQAAAAAAAAkKAAAAJDE0Y2M1ZDJiLWUzN2EtNDk4YS1iNzkxLWU2NjI5ZjQ4NDgzOA.jpg"], ["created_at", "2017-11-18 23:09:11.000284"], ["updated_at", "2017-11-18 23:09:11.000284"]]
  [1m[35m (1.2ms)[0m  [1m[36mcommit transaction[0m
  [1m[35m (0.2ms)[0m  [1m[34mSELECT "schema_migrations"."version" FROM "schema_migrations" ORDER BY "schema_migrations"."version" ASC[0m
  [1m[35m (0.0ms)[0m  [1m[36mbegin transaction[0m
  [1m[35mSQL (0.4ms)[0m  [1m[32mINSERT INTO "clients" ("first_name", "last_name", "email", "phone", "injuries", "notes", "image", "created_at", "updated_at") VALUES (?, ?, ?, ?, ?, ?, ?, ?, ?)[0m  [["first_name", "Michael"], ["last_name", "Murphy"], ["email", "michael.murphy314@gmail.com"], ["phone", "618-334-6314"], ["injuries", "Tight IT band"], ["notes", "Adroable"], ["image", "https://media.licdn.com/mpr/mpr/shrinknp_200_200/AAEAAQAAAAAAAAkKAAAAJDE0Y2M1ZDJiLWUzN2EtNDk4YS1iNzkxLWU2NjI5ZjQ4NDgzOA.jpg"], ["created_at", "2017-11-18 23:09:13.447888"], ["updated_at", "2017-11-18 23:09:13.447888"]]
  [1m[35m (1.2ms)[0m  [1m[36mcommit transaction[0m
  [1m[35m (0.1ms)[0m  [1m[34mSELECT "schema_migrations"."version" FROM "schema_migrations" ORDER BY "schema_migrations"."version" ASC[0m
  [1m[35m (0.1ms)[0m  [1m[36mbegin transaction[0m
  [1m[35mSQL (1.1ms)[0m  [1m[32mINSERT INTO "clients" ("first_name", "last_name", "email", "phone", "injuries", "notes", "image", "created_at", "updated_at") VALUES (?, ?, ?, ?, ?, ?, ?, ?, ?)[0m  [["first_name", "Michael"], ["last_name", "Murphy"], ["email", "michael.murphy314@gmail.com"], ["phone", "618-334-6314"], ["injuries", "Tight IT band"], ["notes", "Adroable"], ["image", "https://media.licdn.com/mpr/mpr/shrinknp_200_200/AAEAAQAAAAAAAAkKAAAAJDE0Y2M1ZDJiLWUzN2EtNDk4YS1iNzkxLWU2NjI5ZjQ4NDgzOA.jpg"], ["created_at", "2017-11-18 23:11:16.329373"], ["updated_at", "2017-11-18 23:11:16.329373"]]
  [1m[35m (1.1ms)[0m  [1m[36mcommit transaction[0m
  [1m[35m (0.1ms)[0m  [1m[34mSELECT "schema_migrations"."version" FROM "schema_migrations" ORDER BY "schema_migrations"."version" ASC[0m
  [1m[35m (0.0ms)[0m  [1m[36mbegin transaction[0m
  [1m[35mSQL (0.4ms)[0m  [1m[32mINSERT INTO "clients" ("first_name", "last_name", "email", "phone", "injuries", "notes", "image", "created_at", "updated_at") VALUES (?, ?, ?, ?, ?, ?, ?, ?, ?)[0m  [["first_name", "Michael"], ["last_name", "Murphy"], ["email", "michael.murphy314@gmail.com"], ["phone", "618-334-6314"], ["injuries", "Tight IT band"], ["notes", "Adroable"], ["image", "https://media.licdn.com/mpr/mpr/shrinknp_200_200/AAEAAQAAAAAAAAkKAAAAJDE0Y2M1ZDJiLWUzN2EtNDk4YS1iNzkxLWU2NjI5ZjQ4NDgzOA.jpg"], ["created_at", "2017-11-18 23:11:18.670908"], ["updated_at", "2017-11-18 23:11:18.670908"]]
  [1m[35m (1.2ms)[0m  [1m[36mcommit transaction[0m
  [1m[35m (0.1ms)[0m  [1m[34mSELECT "schema_migrations"."version" FROM "schema_migrations" ORDER BY "schema_migrations"."version" ASC[0m
  [1m[35m (0.2ms)[0m  [1m[36mbegin transaction[0m
  [1m[35mSQL (0.6ms)[0m  [1m[32mINSERT INTO "clients" ("first_name", "last_name", "email", "phone", "injuries", "notes", "image", "created_at", "updated_at") VALUES (?, ?, ?, ?, ?, ?, ?, ?, ?)[0m  [["first_name", "Michael"], ["last_name", "Murphy"], ["email", "michael.murphy314@gmail.com"], ["phone", "618-334-6314"], ["injuries", "Tight IT band"], ["notes", "Adroable"], ["image", "https://media.licdn.com/mpr/mpr/shrinknp_200_200/AAEAAQAAAAAAAAkKAAAAJDE0Y2M1ZDJiLWUzN2EtNDk4YS1iNzkxLWU2NjI5ZjQ4NDgzOA.jpg"], ["created_at", "2017-11-18 23:11:20.923726"], ["updated_at", "2017-11-18 23:11:20.923726"]]
  [1m[35m (1.5ms)[0m  [1m[36mcommit transaction[0m
  [1m[35m (0.2ms)[0m  [1m[34mSELECT "schema_migrations"."version" FROM "schema_migrations" ORDER BY "schema_migrations"."version" ASC[0m
  [1m[35m (0.1ms)[0m  [1m[36mbegin transaction[0m
  [1m[35mSQL (0.4ms)[0m  [1m[32mINSERT INTO "clients" ("first_name", "last_name", "email", "phone", "injuries", "notes", "image", "created_at", "updated_at") VALUES (?, ?, ?, ?, ?, ?, ?, ?, ?)[0m  [["first_name", "Michael"], ["last_name", "Murphy"], ["email", "michael.murphy314@gmail.com"], ["phone", "618-334-6314"], ["injuries", "Tight IT band"], ["notes", "Adroable"], ["image", "https://media.licdn.com/mpr/mpr/shrinknp_200_200/AAEAAQAAAAAAAAkKAAAAJDE0Y2M1ZDJiLWUzN2EtNDk4YS1iNzkxLWU2NjI5ZjQ4NDgzOA.jpg"], ["created_at", "2017-11-18 23:11:23.155042"], ["updated_at", "2017-11-18 23:11:23.155042"]]
  [1m[35m (1.2ms)[0m  [1m[36mcommit transaction[0m
  [1m[35m (0.1ms)[0m  [1m[34mSELECT "schema_migrations"."version" FROM "schema_migrations" ORDER BY "schema_migrations"."version" ASC[0m
  [1m[35m (0.1ms)[0m  [1m[36mbegin transaction[0m
  [1m[35mSQL (0.4ms)[0m  [1m[32mINSERT INTO "clients" ("first_name", "last_name", "email", "phone", "injuries", "notes", "image", "created_at", "updated_at") VALUES (?, ?, ?, ?, ?, ?, ?, ?, ?)[0m  [["first_name", "Michael"], ["last_name", "Murphy"], ["email", "michael.murphy314@gmail.com"], ["phone", "618-334-6314"], ["injuries", "Tight IT band"], ["notes", "Adroable"], ["image", "https://media.licdn.com/mpr/mpr/shrinknp_200_200/AAEAAQAAAAAAAAkKAAAAJDE0Y2M1ZDJiLWUzN2EtNDk4YS1iNzkxLWU2NjI5ZjQ4NDgzOA.jpg"], ["created_at", "2017-11-18 23:11:25.365068"], ["updated_at", "2017-11-18 23:11:25.365068"]]
  [1m[35m (1.1ms)[0m  [1m[36mcommit transaction[0m
  [1m[35m (0.1ms)[0m  [1m[34mSELECT "schema_migrations"."version" FROM "schema_migrations" ORDER BY "schema_migrations"."version" ASC[0m
  [1m[35m (0.1ms)[0m  [1m[36mbegin transaction[0m
  [1m[35mSQL (0.4ms)[0m  [1m[32mINSERT INTO "clients" ("first_name", "last_name", "email", "phone", "injuries", "notes", "image", "created_at", "updated_at") VALUES (?, ?, ?, ?, ?, ?, ?, ?, ?)[0m  [["first_name", "Michael"], ["last_name", "Murphy"], ["email", "michael.murphy314@gmail.com"], ["phone", "618-334-6314"], ["injuries", "Tight IT band"], ["notes", "Adroable"], ["image", "https://media.licdn.com/mpr/mpr/shrinknp_200_200/AAEAAQAAAAAAAAkKAAAAJDE0Y2M1ZDJiLWUzN2EtNDk4YS1iNzkxLWU2NjI5ZjQ4NDgzOA.jpg"], ["created_at", "2017-11-18 23:11:27.666615"], ["updated_at", "2017-11-18 23:11:27.666615"]]
  [1m[35m (1.3ms)[0m  [1m[36mcommit transaction[0m
  [1m[35m (0.1ms)[0m  [1m[34mSELECT "schema_migrations"."version" FROM "schema_migrations" ORDER BY "schema_migrations"."version" ASC[0m
  [1m[35m (0.0ms)[0m  [1m[36mbegin transaction[0m
  [1m[35mSQL (0.4ms)[0m  [1m[32mINSERT INTO "clients" ("first_name", "last_name", "email", "phone", "injuries", "notes", "image", "created_at", "updated_at") VALUES (?, ?, ?, ?, ?, ?, ?, ?, ?)[0m  [["first_name", "Michael"], ["last_name", "Murphy"], ["email", "michael.murphy314@gmail.com"], ["phone", "618-334-6314"], ["injuries", "Tight IT band"], ["notes", "Adroable"], ["image", "https://media.licdn.com/mpr/mpr/shrinknp_200_200/AAEAAQAAAAAAAAkKAAAAJDE0Y2M1ZDJiLWUzN2EtNDk4YS1iNzkxLWU2NjI5ZjQ4NDgzOA.jpg"], ["created_at", "2017-11-18 23:11:29.873582"], ["updated_at", "2017-11-18 23:11:29.873582"]]
  [1m[35m (1.2ms)[0m  [1m[36mcommit transaction[0m
  [1m[35m (0.1ms)[0m  [1m[34mSELECT "schema_migrations"."version" FROM "schema_migrations" ORDER BY "schema_migrations"."version" ASC[0m
  [1m[35m (0.0ms)[0m  [1m[36mbegin transaction[0m
  [1m[35mSQL (0.5ms)[0m  [1m[32mINSERT INTO "clients" ("first_name", "last_name", "email", "phone", "injuries", "notes", "image", "created_at", "updated_at") VALUES (?, ?, ?, ?, ?, ?, ?, ?, ?)[0m  [["first_name", "Michael"], ["last_name", "Murphy"], ["email", "michael.murphy314@gmail.com"], ["phone", "618-334-6314"], ["injuries", "Tight IT band"], ["notes", "Adroable"], ["image", "https://media.licdn.com/mpr/mpr/shrinknp_200_200/AAEAAQAAAAAAAAkKAAAAJDE0Y2M1ZDJiLWUzN2EtNDk4YS1iNzkxLWU2NjI5ZjQ4NDgzOA.jpg"], ["created_at", "2017-11-18 23:11:32.160860"], ["updated_at", "2017-11-18 23:11:32.160860"]]
  [1m[35m (1.2ms)[0m  [1m[36mcommit transaction[0m
  [1m[35m (0.1ms)[0m  [1m[34mSELECT "schema_migrations"."version" FROM "schema_migrations" ORDER BY "schema_migrations"."version" ASC[0m
  [1m[35m (0.1ms)[0m  [1m[36mbegin transaction[0m
  [1m[35mSQL (0.5ms)[0m  [1m[32mINSERT INTO "clients" ("first_name", "last_name", "email", "phone", "injuries", "notes", "image", "created_at", "updated_at") VALUES (?, ?, ?, ?, ?, ?, ?, ?, ?)[0m  [["first_name", "Michael"], ["last_name", "Murphy"], ["email", "michael.murphy314@gmail.com"], ["phone", "618-334-6314"], ["injuries", "Tight IT band"], ["notes", "Adroable"], ["image", "https://media.licdn.com/mpr/mpr/shrinknp_200_200/AAEAAQAAAAAAAAkKAAAAJDE0Y2M1ZDJiLWUzN2EtNDk4YS1iNzkxLWU2NjI5ZjQ4NDgzOA.jpg"], ["created_at", "2017-11-18 23:11:33.983736"], ["updated_at", "2017-11-18 23:11:33.983736"]]
  [1m[35m (1.3ms)[0m  [1m[36mcommit transaction[0m
  [1m[35m (0.1ms)[0m  [1m[34mSELECT "schema_migrations"."version" FROM "schema_migrations" ORDER BY "schema_migrations"."version" ASC[0m
  [1m[35m (0.0ms)[0m  [1m[36mbegin transaction[0m
  [1m[35mSQL (0.4ms)[0m  [1m[32mINSERT INTO "clients" ("first_name", "last_name", "email", "phone", "injuries", "notes", "image", "created_at", "updated_at") VALUES (?, ?, ?, ?, ?, ?, ?, ?, ?)[0m  [["first_name", "Michael"], ["last_name", "Murphy"], ["email", "michael.murphy314@gmail.com"], ["phone", "618-334-6314"], ["injuries", "Tight IT band"], ["notes", "Adroable"], ["image", "https://media.licdn.com/mpr/mpr/shrinknp_200_200/AAEAAQAAAAAAAAkKAAAAJDE0Y2M1ZDJiLWUzN2EtNDk4YS1iNzkxLWU2NjI5ZjQ4NDgzOA.jpg"], ["created_at", "2017-11-18 23:36:10.971726"], ["updated_at", "2017-11-18 23:36:10.971726"]]
  [1m[35m (1.2ms)[0m  [1m[36mcommit transaction[0m
  [1m[35m (0.1ms)[0m  [1m[34mSELECT "schema_migrations"."version" FROM "schema_migrations" ORDER BY "schema_migrations"."version" ASC[0m
  [1m[35m (0.0ms)[0m  [1m[36mbegin transaction[0m
  [1m[35mSQL (0.4ms)[0m  [1m[32mINSERT INTO "clients" ("first_name", "last_name", "email", "phone", "injuries", "notes", "image", "created_at", "updated_at") VALUES (?, ?, ?, ?, ?, ?, ?, ?, ?)[0m  [["first_name", "Michael"], ["last_name", "Murphy"], ["email", "michael.murphy314@gmail.com"], ["phone", "618-334-6314"], ["injuries", "Tight IT band"], ["notes", "Adroable"], ["image", "https://media.licdn.com/mpr/mpr/shrinknp_200_200/AAEAAQAAAAAAAAkKAAAAJDE0Y2M1ZDJiLWUzN2EtNDk4YS1iNzkxLWU2NjI5ZjQ4NDgzOA.jpg"], ["created_at", "2017-11-18 23:36:41.046898"], ["updated_at", "2017-11-18 23:36:41.046898"]]
  [1m[35m (1.1ms)[0m  [1m[36mcommit transaction[0m
